Copyright 1986-2017 Xilinx, Inc. All Rights Reserved.
-------------------------------------------------------------------------------------------------------------------------------------------------
| Tool Version     : Vivado v.2017.4 (win64) Build 2086221 Fri Dec 15 20:55:39 MST 2017
| Date             : Wed Jan  3 15:42:30 2024
| Host             : supreme running 64-bit major release  (build 9200)
| Command          : report_power -file MiniPiano_power_routed.rpt -pb MiniPiano_power_summary_routed.pb -rpx MiniPiano_power_routed.rpx
| Design           : MiniPiano
| Device           : xc7a35tcsg324-1
| Design State     : routed
| Grade            : commercial
| Process          : typical
| Characterization : Production
-------------------------------------------------------------------------------------------------------------------------------------------------

Power Report

Table of Contents
-----------------
1. Summary
1.1 On-Chip Components
1.2 Power Supply Summary
1.3 Confidence Level
2. Settings
2.1 Environment
2.2 Clock Constraints
3. Detailed Reports
3.1 By Hierarchy

1. Summary
----------

+--------------------------+--------------+
| Total On-Chip Power (W)  | 0.268        |
| Design Power Budget (W)  | Unspecified* |
| Power Budget Margin (W)  | NA           |
| Dynamic (W)              | 0.195        |
| Device Static (W)        | 0.073        |
| Effective TJA (C/W)      | 4.8          |
| Max Ambient (C)          | 83.7         |
| Junction Temperature (C) | 26.3         |
| Confidence Level         | Low          |
| Setting File             | ---          |
| Simulation Activity File | ---          |
| Design Nets Matched      | NA           |
+--------------------------+--------------+
* Specify Design Power Budget using, set_operating_conditions -design_power_budget <value in Watts>


1.1 On-Chip Components
----------------------

+----------------+-----------+----------+-----------+-----------------+
| On-Chip        | Power (W) | Used     | Available | Utilization (%) |
+----------------+-----------+----------+-----------+-----------------+
| Clocks         |     0.023 |        5 |       --- |             --- |
| Slice Logic    |     0.025 |    20812 |       --- |             --- |
|   LUT as Logic |     0.023 |     5704 |     20800 |           27.42 |
|   F7/F8 Muxes  |     0.002 |     2019 |     32600 |            6.19 |
|   CARRY4       |    <0.001 |      271 |      8150 |            3.33 |
|   Register     |    <0.001 |    11924 |     41600 |           28.66 |
|   Others       |     0.000 |      104 |       --- |             --- |
| Signals        |     0.027 |    15139 |       --- |             --- |
| Block RAM      |     0.002 |     15.5 |        50 |           31.00 |
| MMCM           |     0.116 |        1 |         5 |           20.00 |
| I/O            |     0.001 |       65 |       210 |           30.95 |
| Static Power   |     0.073 |          |           |                 |
| Total          |     0.268 |          |           |                 |
+----------------+-----------+----------+-----------+-----------------+


1.2 Power Supply Summary
------------------------

+-----------+-------------+-----------+-------------+------------+
| Source    | Voltage (V) | Total (A) | Dynamic (A) | Static (A) |
+-----------+-------------+-----------+-------------+------------+
| Vccint    |       1.000 |     0.088 |       0.078 |      0.010 |
| Vccaux    |       1.800 |     0.077 |       0.064 |      0.013 |
| Vcco33    |       3.300 |     0.001 |       0.000 |      0.001 |
| Vcco25    |       2.500 |     0.000 |       0.000 |      0.000 |
| Vcco18    |       1.800 |     0.000 |       0.000 |      0.000 |
| Vcco15    |       1.500 |     0.000 |       0.000 |      0.000 |
| Vcco135   |       1.350 |     0.000 |       0.000 |      0.000 |
| Vcco12    |       1.200 |     0.000 |       0.000 |      0.000 |
| Vccaux_io |       1.800 |     0.000 |       0.000 |      0.000 |
| Vccbram   |       1.000 |     0.001 |       0.000 |      0.001 |
| MGTAVcc   |       1.000 |     0.000 |       0.000 |      0.000 |
| MGTAVtt   |       1.200 |     0.000 |       0.000 |      0.000 |
| Vccadc    |       1.800 |     0.020 |       0.000 |      0.020 |
+-----------+-------------+-----------+-------------+------------+


1.3 Confidence Level
--------------------

+-----------------------------+------------+--------------------------------------------------------+------------------------------------------------------------------------------------------------------------+
| User Input Data             | Confidence | Details                                                | Action                                                                                                     |
+-----------------------------+------------+--------------------------------------------------------+------------------------------------------------------------------------------------------------------------+
| Design implementation state | High       | Design is routed                                       |                                                                                                            |
| Clock nodes activity        | High       | User specified more than 95% of clocks                 |                                                                                                            |
| I/O nodes activity          | Low        | More than 75% of inputs are missing user specification | Provide missing input activity with simulation results or by editing the "By Resource Type -> I/Os" view   |
| Internal nodes activity     | Medium     | User specified less than 25% of internal nodes         | Provide missing internal nodes activity with simulation results or by editing the "By Resource Type" views |
| Device models               | High       | Device models are Production                           |                                                                                                            |
|                             |            |                                                        |                                                                                                            |
| Overall confidence level    | Low        |                                                        |                                                                                                            |
+-----------------------------+------------+--------------------------------------------------------+------------------------------------------------------------------------------------------------------------+


2. Settings
-----------

2.1 Environment
---------------

+-----------------------+--------------------------+
| Ambient Temp (C)      | 25.0                     |
| ThetaJA (C/W)         | 4.8                      |
| Airflow (LFM)         | 250                      |
| Heat Sink             | medium (Medium Profile)  |
| ThetaSA (C/W)         | 4.6                      |
| Board Selection       | medium (10"x10")         |
| # of Board Layers     | 12to15 (12 to 15 Layers) |
| Board Temperature (C) | 25.0                     |
+-----------------------+--------------------------+


2.2 Clock Constraints
---------------------

+----------------------+-------------------------------+-----------------+
| Clock                | Domain                        | Constraint (ns) |
+----------------------+-------------------------------+-----------------+
| clk_out1_dcm_25m     | dcm_25m/inst/clk_out1_dcm_25m |            40.0 |
| clkfbout_dcm_25m     | dcm_25m/inst/clkfbout_dcm_25m |            10.0 |
| dcm_25m/inst/clk_in1 | clk_IBUF_BUFG                 |            10.0 |
+----------------------+-------------------------------+-----------------+


3. Detailed Reports
-------------------

3.1 By Hierarchy
----------------

+------------------------------------------------+-----------+
| Name                                           | Power (W) |
+------------------------------------------------+-----------+
| MiniPiano                                      |     0.195 |
|   auto_play                                    |     0.006 |
|     b1                                         |     0.000 |
|     b2                                         |     0.000 |
|     div                                        |    <0.001 |
|     song1                                      |     0.001 |
|       b                                        |     0.000 |
|       b1                                       |     0.000 |
|       b2                                       |     0.000 |
|       div                                      |    <0.001 |
|     song2                                      |     0.001 |
|       b                                        |     0.000 |
|       b1                                       |     0.000 |
|       div                                      |    <0.001 |
|     song3                                      |     0.003 |
|       b                                        |     0.000 |
|       b1                                       |     0.000 |
|       b2                                       |     0.000 |
|       div                                      |    <0.001 |
|     three_seg                                  |    <0.001 |
|   confirm                                      |     0.000 |
|   dcm_25m                                      |     0.116 |
|     inst                                       |     0.116 |
|   div                                          |    <0.001 |
|   free                                         |    <0.001 |
|     b1                                         |     0.000 |
|     b2                                         |     0.000 |
|     b3                                         |     0.000 |
|     div                                        |    <0.001 |
|     notes_reg[1][17]                           |     0.000 |
|     notes_reg[1][18]                           |     0.000 |
|     notes_reg[3][17]                           |     0.000 |
|     notes_reg[5][17]                           |     0.000 |
|   learn                                        |     0.002 |
|     learn                                      |     0.002 |
|       b1                                       |     0.000 |
|       b2                                       |     0.000 |
|       b3                                       |     0.000 |
|       div                                      |    <0.001 |
|       three_seg                                |    <0.001 |
|   record                                       |     0.066 |
|     c                                          |     0.000 |
|     div                                        |    <0.001 |
|     r                                          |     0.000 |
|   three_seg                                    |    <0.001 |
|   vga                                          |     0.003 |
|     pic                                        |     0.002 |
|       U0                                       |     0.002 |
|         inst_blk_mem_gen                       |     0.002 |
|           gnbram.gnativebmg.native_blk_mem_gen |     0.002 |
|             valid.cstr                         |     0.002 |
|               bindec_a.bindec_inst_a           |    <0.001 |
|               has_mux_a.A                      |    <0.001 |
|               ramloop[10].ram.r                |    <0.001 |
|                 prim_init.ram                  |    <0.001 |
|               ramloop[11].ram.r                |    <0.001 |
|                 prim_init.ram                  |    <0.001 |
|               ramloop[12].ram.r                |    <0.001 |
|                 prim_init.ram                  |    <0.001 |
|               ramloop[13].ram.r                |    <0.001 |
|                 prim_init.ram                  |    <0.001 |
|               ramloop[14].ram.r                |    <0.001 |
|                 prim_init.ram                  |    <0.001 |
|               ramloop[15].ram.r                |    <0.001 |
|                 prim_init.ram                  |    <0.001 |
|               ramloop[16].ram.r                |    <0.001 |
|                 prim_init.ram                  |    <0.001 |
|               ramloop[17].ram.r                |    <0.001 |
|                 prim_init.ram                  |    <0.001 |
|               ramloop[18].ram.r                |    <0.001 |
|                 prim_init.ram                  |    <0.001 |
|               ramloop[19].ram.r                |    <0.001 |
|                 prim_init.ram                  |    <0.001 |
|               ramloop[2].ram.r                 |    <0.001 |
|                 prim_init.ram                  |    <0.001 |
|               ramloop[3].ram.r                 |    <0.001 |
|                 prim_init.ram                  |    <0.001 |
|               ramloop[4].ram.r                 |    <0.001 |
|                 prim_init.ram                  |    <0.001 |
|               ramloop[5].ram.r                 |    <0.001 |
|                 prim_init.ram                  |    <0.001 |
|               ramloop[6].ram.r                 |    <0.001 |
|                 prim_init.ram                  |    <0.001 |
|               ramloop[7].ram.r                 |    <0.001 |
|                 prim_init.ram                  |    <0.001 |
+------------------------------------------------+-----------+


