#-----------------------------------------------------------
# Vivado v2017.4 (64-bit)
# SW Build 2086221 on Fri Dec 15 20:55:39 MST 2017
# IP Build 2085800 on Fri Dec 15 22:25:07 MST 2017
# Start of session at: Tue Dec  5 19:53:54 2023
# Process ID: 3572
# Current directory: D:/Digital Logic/WORK/piano
# Command line: vivado.exe -gui_launcher_event rodinguilauncherevent8808 D:\Digital Logic\WORK\piano\piano.xpr
# Log file: D:/Digital Logic/WORK/piano/vivado.log
# Journal file: D:/Digital Logic/WORK/piano\vivado.jou
#-----------------------------------------------------------
start_gui
open_project {D:/Digital Logic/WORK/piano/piano.xpr}
INFO: [Project 1-313] Project file moved from 'D:/Digital Logic/piano' since last save.
Scanning sources...
Finished scanning sources
INFO: [IP_Flow 19-234] Refreshing IP repositories
INFO: [IP_Flow 19-1704] No user IP repositories specified
INFO: [IP_Flow 19-2313] Loaded Vivado IP repository 'D:/Vivado/2017.4/data/ip'.
update_compile_order -fileset sources_1
close [ open {D:/Digital Logic/WORK/piano/piano.srcs/sources_1/new/debounce_button.v} w ]
add_files {{D:/Digital Logic/WORK/piano/piano.srcs/sources_1/new/debounce_button.v}}
update_compile_order -fileset sources_1
exit
INFO: [Common 17-206] Exiting Vivado at Tue Dec  5 19:59:07 2023...
